<?xml version="1.0" encoding="UTF-8"?>
<!-- Generated by org.testng.reporters.JUnitReportReporter -->
<testsuite hostname="IBARAR-PC" failures="0" tests="3" name="testNGpack.Demo" time="0.013" errors="0" timestamp="2023-03-27T19:06:30 IST" skipped="0">
  <testcase classname="testNGpack.Demo" name="m1" time="0.001"/>
  <system-out>
    <![CDATA[Method name is m1]]>
  </system-out>
  <testcase classname="testNGpack.Demo" name="m2" time="0.002"/>
  <system-out>
    <![CDATA[Method name is m2]]>
  </system-out>
  <testcase classname="testNGpack.Demo" name="f" time="0.010"/>
  <system-out>
    <![CDATA[Start test!!
sunday!!]]>
  </system-out>
</testsuite> <!-- testNGpack.Demo -->
