<?xml version="1.0" encoding="UTF-8"?>
<!-- Generated by org.testng.reporters.JUnitReportReporter -->
<testsuite hostname="IBARAR-PC" failures="0" tests="5" name="testngFlag.Flag4" time="0.020" errors="0" timestamp="2023-03-30T20:17:04 IST" skipped="0">
  <testcase classname="testngFlag.Flag4" name="f" time="0.001"/>
  <system-out>
    <![CDATA[FTC1 is executing!!]]>
  </system-out>
  <testcase classname="testngFlag.Flag4" name="f" time="0.013"/>
  <system-out>
    <![CDATA[FTC1 is executing!!]]>
  </system-out>
  <testcase classname="testngFlag.Flag4" name="f" time="0.002"/>
  <system-out>
    <![CDATA[FTC1 is executing!!]]>
  </system-out>
  <testcase classname="testngFlag.Flag4" name="f" time="0.002"/>
  <system-out>
    <![CDATA[FTC1 is executing!!]]>
  </system-out>
  <testcase classname="testngFlag.Flag4" name="f" time="0.002"/>
  <system-out>
    <![CDATA[FTC1 is executing!!]]>
  </system-out>
</testsuite> <!-- testngFlag.Flag4 -->
