<?xml version="1.0" encoding="UTF-8"?>
<!-- Generated by org.testng.reporters.JUnitReportReporter -->
<testsuite hostname="IBARAR-PC" failures="0" tests="3" name="testngFlag.Flag3" time="0.012" errors="0" timestamp="2023-03-30T20:11:49 IST" skipped="0">
  <testcase classname="testngFlag.Flag3" name="userCreate" time="0.009"/>
  <system-out>
    <![CDATA[User Created!!]]>
  </system-out>
  <testcase classname="testngFlag.Flag3" name="login" time="0.002"/>
  <system-out>
    <![CDATA[logged in!!]]>
  </system-out>
  <testcase classname="testngFlag.Flag3" name="logOut" time="0.001"/>
  <system-out>
    <![CDATA[Logged Out!!]]>
  </system-out>
</testsuite> <!-- testngFlag.Flag3 -->
