<?xml version="1.0" encoding="UTF-8"?>
<!-- Generated by org.testng.reporters.JUnitReportReporter -->
<testsuite hostname="IBARAR-PC" failures="0" tests="3" name="testNGannotation.GoogleTestCase" time="140.752" errors="0" timestamp="2023-03-27T20:16:13 IST" skipped="0">
  <testcase classname="testNGannotation.GoogleTestCase" name="search2" time="24.991"/>
  <system-out/>
  <testcase classname="testNGannotation.GoogleTestCase" name="search3" time="15.317"/>
  <system-out/>
  <testcase classname="testNGannotation.GoogleTestCase" name="search1" time="100.444"/>
  <system-out/>
</testsuite> <!-- testNGannotation.GoogleTestCase -->
