<?xml version="1.0" encoding="UTF-8"?>
<!-- Generated by org.testng.reporters.JUnitReportReporter -->
<testsuite hostname="IBARAR-PC" failures="0" tests="1" name="testngFlag.Flag2" time="0.012" errors="0" timestamp="2023-03-30T19:51:52 IST" skipped="0">
  <testcase classname="testngFlag.Flag2" name="search1" time="0.012"/>
  <system-out>
    <![CDATA[Log in Page]]>
  </system-out>
</testsuite> <!-- testngFlag.Flag2 -->
