<?xml version="1.0" encoding="UTF-8"?>
<!-- Generated by org.testng.reporters.JUnitReportReporter -->
<testsuite hostname="IBARAR-PC" failures="0" tests="3" name="testngFlag.Flag5" time="0.014" errors="0" timestamp="2023-03-30T20:31:48 IST" skipped="0">
  <testcase classname="testngFlag.Flag5" name="logOut" time="0.002"/>
  <system-out>
    <![CDATA[Logged Out!!]]>
  </system-out>
  <testcase classname="testngFlag.Flag5" name="logIn" time="0.011"/>
  <system-out>
    <![CDATA[log in!!]]>
  </system-out>
  <testcase classname="testngFlag.Flag5" name="createUser" time="0.001"/>
  <system-out>
    <![CDATA[User Created!!]]>
  </system-out>
</testsuite> <!-- testngFlag.Flag5 -->
