<?xml version="1.0" encoding="UTF-8"?>
<!-- Generated by org.testng.reporters.JUnitReportReporter -->
<testsuite hostname="IBARAR-PC" failures="0" tests="3" name="testNGannotation.TestAnnotatiom" time="0.016" errors="0" timestamp="2023-03-27T19:22:24 IST" skipped="0">
  <testcase classname="testNGannotation.TestAnnotatiom" name="g" time="0.003"/>
  <system-out>
    <![CDATA[test case2!!]]>
  </system-out>
  <testcase classname="testNGannotation.TestAnnotatiom" name="f" time="0.010"/>
  <system-out>
    <![CDATA[test case1]]>
  </system-out>
  <testcase classname="testNGannotation.TestAnnotatiom" name="h" time="0.003"/>
  <system-out>
    <![CDATA[test case3!!]]>
  </system-out>
</testsuite> <!-- testNGannotation.TestAnnotatiom -->
