<?xml version="1.0" encoding="UTF-8"?>
<!-- Generated by org.testng.reporters.JUnitReportReporter -->
<testsuite hostname="IBARAR-PC" failures="0" tests="3" name="testNGpack.Demo3" time="0.006" errors="0" timestamp="2023-03-27T19:06:30 IST" skipped="0">
  <testcase classname="testNGpack.Demo3" name="dmt" time="0.002"/>
  <system-out>
    <![CDATA[nbxcvz]]>
  </system-out>
  <testcase classname="testNGpack.Demo3" name="dm4" time="0.002"/>
  <system-out>
    <![CDATA[xyz]]>
  </system-out>
  <testcase classname="testNGpack.Demo3" name="dm3" time="0.002"/>
  <system-out>
    <![CDATA[abcdz]]>
  </system-out>
</testsuite> <!-- testNGpack.Demo3 -->
