<?xml version="1.0" encoding="UTF-8"?>
<!-- Generated by org.testng.reporters.JUnitReportReporter -->
<testsuite hostname="IBARAR-PC" failures="0" tests="2" name="testNGpack.Demo4" time="0.011" errors="0" timestamp="2023-03-26T12:11:30 IST" skipped="0">
  <testcase classname="testNGpack.Demo4" name="dm4" time="0.003"/>
  <system-out>
    <![CDATA[Friday]]>
  </system-out>
  <testcase classname="testNGpack.Demo4" name="dm5" time="0.008"/>
  <system-out>
    <![CDATA[main start]]>
  </system-out>
</testsuite> <!-- testNGpack.Demo4 -->
