<?xml version="1.0" encoding="UTF-8"?>
<!-- Generated by org.testng.reporters.JUnitReportReporter -->
<testsuite hostname="IBARAR-PC" failures="0" tests="2" name="testNGExecution.MethodExe" time="0.024" errors="0" timestamp="2023-03-28T20:06:56 IST" skipped="0">
  <testcase classname="testNGExecution.MethodExe" name="method1" time="0.019"/>
  <system-out>
    <![CDATA[21 is the treadId
method1]]>
  </system-out>
  <testcase classname="testNGExecution.MethodExe" name="method2" time="0.005"/>
  <system-out>
    <![CDATA[21 is the treadId
method1]]>
  </system-out>
</testsuite> <!-- testNGExecution.MethodExe -->
